<?xml version="1.0" encoding="UTF-8"?>
<!-- Generated by org.testng.reporters.JUnitReportReporter -->
<testsuite skipped="0" hostname="DESKTOP-5ADFI84" name="testcases.ReadOneProduct" tests="1" failures="0" timestamp="25 Mar 2023 20:23:16 GMT" time="1.527" errors="0">
  <testcase name="readoneproduct" time="1.527" classname="testcases.ReadOneProduct"/>
</testsuite> <!-- testcases.ReadOneProduct -->
