<?xml version="1.0" encoding="UTF-8"?>
<!-- Generated by org.testng.reporters.JUnitReportReporter -->
<testsuite skipped="0" hostname="DESKTOP-5ADFI84" name="testcases.ReadAllProducts" tests="1" failures="0" timestamp="25 Mar 2023 19:40:12 GMT" time="1.929" errors="0">
  <testcase name="readallproducts" time="1.929" classname="testcases.ReadAllProducts"/>
</testsuite> <!-- testcases.ReadAllProducts -->
