<?xml version="1.0" encoding="UTF-8"?>
<!-- Generated by org.testng.reporters.JUnitReportReporter -->
<testsuite skipped="0" hostname="DESKTOP-5ADFI84" name="testcases.CreateOneProduct" tests="1" failures="0" timestamp="25 Mar 2023 21:05:40 GMT" time="1.472" errors="0">
  <testcase name="readoneproduct" time="1.472" classname="testcases.CreateOneProduct"/>
</testsuite> <!-- testcases.CreateOneProduct -->
